<?xml version="1.0" encoding="UTF-8"?>
<coverage generated="1764239500054" clover="3.2.0">
  <project timestamp="1764239500054" name="All files">
    <metrics statements="30" coveredstatements="24" conditionals="4" coveredconditionals="1" methods="12" coveredmethods="6" elements="46" coveredelements="31" complexity="0" loc="30" ncloc="30" packages="2" files="8" classes="8"/>
    <package name="components">
      <metrics statements="11" coveredstatements="10" conditionals="4" coveredconditionals="1" methods="5" coveredmethods="4"/>
      <file name="Contact.js" path="D:\Tracker\FoodApp\src\components\Contact.js">
        <metrics statements="2" coveredstatements="2" conditionals="0" coveredconditionals="0" methods="1" coveredmethods="1"/>
        <line num="3" count="1" type="stmt"/>
        <line num="4" count="4" type="stmt"/>
      </file>
      <file name="Header.js" path="D:\Tracker\FoodApp\src\components\Header.js">
        <metrics statements="7" coveredstatements="6" conditionals="4" coveredconditionals="1" methods="3" coveredmethods="2"/>
        <line num="9" count="1" type="stmt"/>
        <line num="10" count="2" type="stmt"/>
        <line num="12" count="2" type="stmt"/>
        <line num="14" count="2" type="stmt"/>
        <line num="17" count="4" type="stmt"/>
        <line num="20" count="2" type="stmt"/>
        <line num="48" count="0" type="cond" truecount="0" falsecount="2"/>
      </file>
      <file name="sum.js" path="D:\Tracker\FoodApp\src\components\sum.js">
        <metrics statements="2" coveredstatements="2" conditionals="0" coveredconditionals="0" methods="1" coveredmethods="1"/>
        <line num="2" count="1" type="stmt"/>
        <line num="3" count="1" type="stmt"/>
      </file>
    </package>
    <package name="utills">
      <metrics statements="19" coveredstatements="14" conditionals="0" coveredconditionals="0" methods="7" coveredmethods="2"/>
      <file name="UserContext.js" path="D:\Tracker\FoodApp\src\utills\UserContext.js">
        <metrics statements="1" coveredstatements="1" conditionals="0" coveredconditionals="0" methods="0" coveredmethods="0"/>
        <line num="3" count="1" type="stmt"/>
      </file>
      <file name="appStore.js" path="D:\Tracker\FoodApp\src\utills\appStore.js">
        <metrics statements="1" coveredstatements="1" conditionals="0" coveredconditionals="0" methods="0" coveredmethods="0"/>
        <line num="4" count="1" type="stmt"/>
      </file>
      <file name="cardSlice.js" path="D:\Tracker\FoodApp\src\utills\cardSlice.js">
        <metrics statements="5" coveredstatements="2" conditionals="0" coveredconditionals="0" methods="3" coveredmethods="0"/>
        <line num="3" count="1" type="stmt"/>
        <line num="10" count="0" type="stmt"/>
        <line num="13" count="0" type="stmt"/>
        <line num="16" count="0" type="stmt"/>
        <line num="20" count="1" type="stmt"/>
      </file>
      <file name="constant.js" path="D:\Tracker\FoodApp\src\utills\constant.js">
        <metrics statements="4" coveredstatements="4" conditionals="0" coveredconditionals="0" methods="0" coveredmethods="0"/>
        <line num="1" count="1" type="stmt"/>
        <line num="2" count="1" type="stmt"/>
        <line num="3" count="1" type="stmt"/>
        <line num="4" count="1" type="stmt"/>
      </file>
      <file name="useOnlineState.js" path="D:\Tracker\FoodApp\src\utills\useOnlineState.js">
        <metrics statements="8" coveredstatements="6" conditionals="0" coveredconditionals="0" methods="4" coveredmethods="2"/>
        <line num="3" count="1" type="stmt"/>
        <line num="4" count="2" type="stmt"/>
        <line num="6" count="2" type="stmt"/>
        <line num="7" count="2" type="stmt"/>
        <line num="8" count="0" type="stmt"/>
        <line num="11" count="2" type="stmt"/>
        <line num="12" count="0" type="stmt"/>
        <line num="16" count="2" type="stmt"/>
      </file>
    </package>
  </project>
</coverage>
