{"D:\\Tracker\\FoodApp\\src\\components\\Contact.js": {"path":"D:\\Tracker\\FoodApp\\src\\components\\Contact.js","statementMap":{"0":{"start":{"line":3,"column":16},"end":{"line":14,"column":1}},"1":{"start":{"line":4,"column":2},"end":{"line":13,"column":3}}},"fnMap":{"0":{"name":"(anonymous_0)","decl":{"start":{"line":3,"column":16},"end":{"line":3,"column":17}},"loc":{"start":{"line":3,"column":22},"end":{"line":14,"column":1}},"line":3}},"branchMap":{},"s":{"0":1,"1":4},"f":{"0":4},"b":{},"_coverageSchema":"1a1c01bbd47fc00a2c39e90264f33305004495a9","hash":"ccc92092415c8777d23384ec1baf0325dafdcf14"}
,"D:\\Tracker\\FoodApp\\src\\components\\Header.js": {"path":"D:\\Tracker\\FoodApp\\src\\components\\Header.js","statementMap":{"0":{"start":{"line":9,"column":15},"end":{"line":58,"column":1}},"1":{"start":{"line":10,"column":32},"end":{"line":10,"column":49}},"2":{"start":{"line":12,"column":23},"end":{"line":12,"column":40}},"3":{"start":{"line":14,"column":25},"end":{"line":14,"column":48}},"4":{"start":{"line":17,"column":20},"end":{"line":17,"column":60}},"5":{"start":{"line":17,"column":43},"end":{"line":17,"column":59}},"6":{"start":{"line":20,"column":2},"end":{"line":57,"column":3}},"7":{"start":{"line":48,"column":12},"end":{"line":50,"column":32}}},"fnMap":{"0":{"name":"(anonymous_0)","decl":{"start":{"line":9,"column":15},"end":{"line":9,"column":16}},"loc":{"start":{"line":9,"column":21},"end":{"line":58,"column":1}},"line":9},"1":{"name":"(anonymous_1)","decl":{"start":{"line":17,"column":32},"end":{"line":17,"column":33}},"loc":{"start":{"line":17,"column":43},"end":{"line":17,"column":59}},"line":17},"2":{"name":"(anonymous_2)","decl":{"start":{"line":47,"column":45},"end":{"line":47,"column":46}},"loc":{"start":{"line":47,"column":49},"end":{"line":51,"column":14}},"line":47}},"branchMap":{"0":{"loc":{"start":{"line":28,"column":29},"end":{"line":28,"column":50}},"type":"cond-expr","locations":[{"start":{"line":28,"column":42},"end":{"line":28,"column":45}},{"start":{"line":28,"column":46},"end":{"line":28,"column":50}}],"line":28},"1":{"loc":{"start":{"line":48,"column":12},"end":{"line":50,"column":32}},"type":"cond-expr","locations":[{"start":{"line":49,"column":13},"end":{"line":49,"column":33}},{"start":{"line":50,"column":13},"end":{"line":50,"column":32}}],"line":48}},"s":{"0":1,"1":2,"2":2,"3":2,"4":2,"5":4,"6":2,"7":0},"f":{"0":2,"1":4,"2":0},"b":{"0":[2,0],"1":[0,0]},"_coverageSchema":"1a1c01bbd47fc00a2c39e90264f33305004495a9","hash":"d6a711acab07bf775c005e75caba69787b878bcc"}
,"D:\\Tracker\\FoodApp\\src\\components\\sum.js": {"path":"D:\\Tracker\\FoodApp\\src\\components\\sum.js","statementMap":{"0":{"start":{"line":2,"column":19},"end":{"line":4,"column":1}},"1":{"start":{"line":3,"column":4},"end":{"line":3,"column":15}}},"fnMap":{"0":{"name":"(anonymous_0)","decl":{"start":{"line":2,"column":19},"end":{"line":2,"column":20}},"loc":{"start":{"line":2,"column":26},"end":{"line":4,"column":1}},"line":2}},"branchMap":{},"s":{"0":1,"1":1},"f":{"0":1},"b":{},"_coverageSchema":"1a1c01bbd47fc00a2c39e90264f33305004495a9","hash":"58527a38f89c45feb7e48c8b4b56b7c2228fe627"}
,"D:\\Tracker\\FoodApp\\src\\utills\\UserContext.js": {"path":"D:\\Tracker\\FoodApp\\src\\utills\\UserContext.js","statementMap":{"0":{"start":{"line":3,"column":20},"end":{"line":5,"column":2}}},"fnMap":{},"branchMap":{},"s":{"0":1},"f":{},"b":{},"_coverageSchema":"1a1c01bbd47fc00a2c39e90264f33305004495a9","hash":"795945cced52dd3b32a57214b701de1c87384b5c"}
,"D:\\Tracker\\FoodApp\\src\\utills\\appStore.js": {"path":"D:\\Tracker\\FoodApp\\src\\utills\\appStore.js","statementMap":{"0":{"start":{"line":4,"column":17},"end":{"line":8,"column":2}}},"fnMap":{},"branchMap":{},"s":{"0":1},"f":{},"b":{},"_coverageSchema":"1a1c01bbd47fc00a2c39e90264f33305004495a9","hash":"631ded10ae341ba418438a68189994ba6937f6a9"}
,"D:\\Tracker\\FoodApp\\src\\utills\\cardSlice.js": {"path":"D:\\Tracker\\FoodApp\\src\\utills\\cardSlice.js","statementMap":{"0":{"start":{"line":3,"column":18},"end":{"line":19,"column":2}},"1":{"start":{"line":10,"column":12},"end":{"line":10,"column":44}},"2":{"start":{"line":13,"column":12},"end":{"line":13,"column":29}},"3":{"start":{"line":16,"column":12},"end":{"line":16,"column":35}},"4":{"start":{"line":20,"column":48},"end":{"line":20,"column":65}}},"fnMap":{"0":{"name":"(anonymous_0)","decl":{"start":{"line":9,"column":17},"end":{"line":9,"column":18}},"loc":{"start":{"line":9,"column":34},"end":{"line":11,"column":9}},"line":9},"1":{"name":"(anonymous_1)","decl":{"start":{"line":12,"column":19},"end":{"line":12,"column":20}},"loc":{"start":{"line":12,"column":28},"end":{"line":14,"column":9}},"line":12},"2":{"name":"(anonymous_2)","decl":{"start":{"line":15,"column":18},"end":{"line":15,"column":19}},"loc":{"start":{"line":15,"column":29},"end":{"line":17,"column":9}},"line":15}},"branchMap":{},"s":{"0":1,"1":0,"2":0,"3":0,"4":1},"f":{"0":0,"1":0,"2":0},"b":{},"_coverageSchema":"1a1c01bbd47fc00a2c39e90264f33305004495a9","hash":"c3fa861e05620b6665cba381d8c727722c91cbba"}
,"D:\\Tracker\\FoodApp\\src\\utills\\constant.js": {"path":"D:\\Tracker\\FoodApp\\src\\utills\\constant.js","statementMap":{"0":{"start":{"line":1,"column":22},"end":{"line":1,"column":105}},"1":{"start":{"line":2,"column":24},"end":{"line":2,"column":96}},"2":{"start":{"line":3,"column":24},"end":{"line":3,"column":75}},"3":{"start":{"line":4,"column":19},"end":{"line":4,"column":44}}},"fnMap":{},"branchMap":{},"s":{"0":1,"1":1,"2":1,"3":1},"f":{},"b":{},"_coverageSchema":"1a1c01bbd47fc00a2c39e90264f33305004495a9","hash":"43c23f629c5e0ea71734dd0003c65ff0c9c000ee"}
,"D:\\Tracker\\FoodApp\\src\\utills\\useOnlineState.js": {"path":"D:\\Tracker\\FoodApp\\src\\utills\\useOnlineState.js","statementMap":{"0":{"start":{"line":3,"column":24},"end":{"line":17,"column":1}},"1":{"start":{"line":4,"column":44},"end":{"line":4,"column":58}},"2":{"start":{"line":6,"column":4},"end":{"line":14,"column":10}},"3":{"start":{"line":7,"column":8},"end":{"line":9,"column":11}},"4":{"start":{"line":8,"column":12},"end":{"line":8,"column":35}},"5":{"start":{"line":11,"column":8},"end":{"line":13,"column":11}},"6":{"start":{"line":12,"column":12},"end":{"line":12,"column":34}},"7":{"start":{"line":16,"column":4},"end":{"line":16,"column":24}}},"fnMap":{"0":{"name":"(anonymous_0)","decl":{"start":{"line":3,"column":24},"end":{"line":3,"column":25}},"loc":{"start":{"line":3,"column":28},"end":{"line":17,"column":1}},"line":3},"1":{"name":"(anonymous_1)","decl":{"start":{"line":6,"column":14},"end":{"line":6,"column":15}},"loc":{"start":{"line":6,"column":18},"end":{"line":14,"column":5}},"line":6},"2":{"name":"(anonymous_2)","decl":{"start":{"line":7,"column":43},"end":{"line":7,"column":44}},"loc":{"start":{"line":7,"column":54},"end":{"line":9,"column":9}},"line":7},"3":{"name":"(anonymous_3)","decl":{"start":{"line":11,"column":42},"end":{"line":11,"column":43}},"loc":{"start":{"line":11,"column":53},"end":{"line":13,"column":9}},"line":11}},"branchMap":{},"s":{"0":1,"1":2,"2":2,"3":2,"4":0,"5":2,"6":0,"7":2},"f":{"0":2,"1":2,"2":0,"3":0},"b":{},"_coverageSchema":"1a1c01bbd47fc00a2c39e90264f33305004495a9","hash":"bcdaf78d958f545ef0156469fcbb66af03284d57"}
}
